<?xml version="1.0" encoding="UTF-8"?>
<testng-results ignored="0" total="1" passed="1" failed="0" skipped="0">
  <reporter-output>
  </reporter-output>
  <suite started-at="2025-08-06T14:51:07 IST" name="PIM_automation_Suite" finished-at="2025-08-06T14:53:49 IST" duration-ms="161727">
    <groups>
      <group name="BSAPIEowner">
        <method signature="TC007_Pre_ETL_UpdatingApprovedRecwithAutoApproveattributes.BeforeETL_GetAllAttributes()[pri:0, instance:PreETL_Update.TC007_Pre_ETL_UpdatingApprovedRecwithAutoApproveattributes@4f80542f]" name="BeforeETL_GetAllAttributes" class="PreETL_Update.TC007_Pre_ETL_UpdatingApprovedRecwithAutoApproveattributes"/>
      </group> <!-- BSAPIEowner -->
    </groups>
    <test started-at="2025-08-06T14:51:07 IST" name="BSAPIEOwner" finished-at="2025-08-06T14:53:49 IST" duration-ms="161727">
      <class name="PreETL_Update.TC007_Pre_ETL_UpdatingApprovedRecwithAutoApproveattributes">
        <test-method is-config="true" signature="intitializeReport()[pri:0, instance:PreETL_Update.TC007_Pre_ETL_UpdatingApprovedRecwithAutoApproveattributes@4f80542f]" started-at="2025-08-06T14:51:07 IST" name="intitializeReport" finished-at="2025-08-06T14:51:07 IST" duration-ms="563" status="PASS">
          <reporter-output>
          </reporter-output>
        </test-method> <!-- intitializeReport -->
        <test-method is-config="true" signature="setUp(java.lang.String)[pri:0, instance:PreETL_Update.TC007_Pre_ETL_UpdatingApprovedRecwithAutoApproveattributes@4f80542f]" started-at="2025-08-06T14:51:07 IST" name="setUp" finished-at="2025-08-06T14:51:18 IST" duration-ms="11236" status="PASS">
          <params>
            <param index="0">
              <value>
                <![CDATA[BSAPIEowner]]>
              </value>
            </param>
          </params>
          <reporter-output>
          </reporter-output>
        </test-method> <!-- setUp -->
        <test-method signature="BeforeETL_GetAllAttributes()[pri:0, instance:PreETL_Update.TC007_Pre_ETL_UpdatingApprovedRecwithAutoApproveattributes@4f80542f]" started-at="2025-08-06T14:51:18 IST" name="BeforeETL_GetAllAttributes" finished-at="2025-08-06T14:53:49 IST" duration-ms="150431" status="PASS">
          <reporter-output>
          </reporter-output>
        </test-method> <!-- BeforeETL_GetAllAttributes -->
        <test-method is-config="true" signature="publishReport()[pri:0, instance:PreETL_Update.TC007_Pre_ETL_UpdatingApprovedRecwithAutoApproveattributes@4f80542f]" started-at="2025-08-06T14:53:49 IST" name="publishReport" finished-at="2025-08-06T14:53:52 IST" duration-ms="2640" status="PASS">
          <reporter-output>
          </reporter-output>
        </test-method> <!-- publishReport -->
      </class> <!-- PreETL_Update.TC007_Pre_ETL_UpdatingApprovedRecwithAutoApproveattributes -->
    </test> <!-- BSAPIEOwner -->
  </suite> <!-- PIM_automation_Suite -->
</testng-results>
