<?xml version="1.0" encoding="UTF-8"?>
<testng-results ignored="0" total="1" passed="1" failed="0" skipped="0">
  <reporter-output>
  </reporter-output>
  <suite started-at="2025-08-05T16:59:33 IST" name="PIM_automation_Suite" finished-at="2025-08-05T17:02:26 IST" duration-ms="173466">
    <groups>
      <group name="BSAPIEowner">
        <method signature="TC006_Post_ETL_UserupdatingBSAPIERegionsOverride.BeforeETL_GetAllRegions_AutoRegionField()[pri:0, instance:Post_ETL_Update.TC006_Post_ETL_UserupdatingBSAPIERegionsOverride@2a265ea9]" name="BeforeETL_GetAllRegions_AutoRegionField" class="Post_ETL_Update.TC006_Post_ETL_UserupdatingBSAPIERegionsOverride"/>
      </group> <!-- BSAPIEowner -->
    </groups>
    <test started-at="2025-08-05T16:59:33 IST" name="BSAPIEOwner" finished-at="2025-08-05T17:02:26 IST" duration-ms="173466">
      <class name="Post_ETL_Update.TC006_Post_ETL_UserupdatingBSAPIERegionsOverride">
        <test-method is-config="true" signature="intitializeReport()[pri:0, instance:Post_ETL_Update.TC006_Post_ETL_UserupdatingBSAPIERegionsOverride@2a265ea9]" started-at="2025-08-05T16:59:32 IST" name="intitializeReport" finished-at="2025-08-05T16:59:33 IST" duration-ms="518" status="PASS">
          <reporter-output>
          </reporter-output>
        </test-method> <!-- intitializeReport -->
        <test-method is-config="true" signature="setUp(java.lang.String)[pri:0, instance:Post_ETL_Update.TC006_Post_ETL_UserupdatingBSAPIERegionsOverride@2a265ea9]" started-at="2025-08-05T16:59:33 IST" name="setUp" finished-at="2025-08-05T16:59:47 IST" duration-ms="14492" status="PASS">
          <params>
            <param index="0">
              <value>
                <![CDATA[BSAPIEowner]]>
              </value>
            </param>
          </params>
          <reporter-output>
          </reporter-output>
        </test-method> <!-- setUp -->
        <test-method signature="BeforeETL_GetAllRegions_AutoRegionField()[pri:0, instance:Post_ETL_Update.TC006_Post_ETL_UserupdatingBSAPIERegionsOverride@2a265ea9]" started-at="2025-08-05T16:59:47 IST" name="BeforeETL_GetAllRegions_AutoRegionField" finished-at="2025-08-05T17:02:26 IST" duration-ms="158901" status="PASS">
          <reporter-output>
          </reporter-output>
        </test-method> <!-- BeforeETL_GetAllRegions_AutoRegionField -->
        <test-method is-config="true" signature="publishReport()[pri:0, instance:Post_ETL_Update.TC006_Post_ETL_UserupdatingBSAPIERegionsOverride@2a265ea9]" started-at="2025-08-05T17:02:26 IST" name="publishReport" finished-at="2025-08-05T17:02:28 IST" duration-ms="1971" status="PASS">
          <reporter-output>
          </reporter-output>
        </test-method> <!-- publishReport -->
      </class> <!-- Post_ETL_Update.TC006_Post_ETL_UserupdatingBSAPIERegionsOverride -->
    </test> <!-- BSAPIEOwner -->
  </suite> <!-- PIM_automation_Suite -->
</testng-results>
